<?xml version="1.0" ?>
<testsuites>
	<testsuite errors="0" errors_detail="H:0 M:0 L:0" failures="1" failures_detail="H:0 M:1 L:0" hostname="cheetah" name="Cheetah" tests="4" time="39.230924" timestamp="2019-01-30T13:18:22.235686">
		<testcase classname="IPGM_001" name="添加IP分组" priority="M" time="28.174524"/>
		<testcase classname="IPGM_002" name="查看IP分组" priority="M" time="0.285542"/>
		<testcase classname="IPGM_003" name="编辑IP分组" priority="M" time="4.445858"/>
		<testcase classname="IPGM_004" name="删除IP分组" priority="M" time="2.834036">
			<failure message="step-4|MESSAGE|确定: Message: no such alert
  (Session info: chrome=72.0.3626.81)
  (Driver info: chromedriver=2.45.615355 (d5698f682d8b2742017df6c81e0bd8e6a3063189),platform=Mac OS X 10.14.1 x86_64)
" type="Fail"/>
		</testcase>
	</testsuite>
</testsuites>
