<?xml version="1.0" ?>
<testsuites>
	<testsuite errors="0" errors_detail="H:0 M:0 L:0" failures="1" failures_detail="H:0 M:1 L:0" hostname="cheetah" name="Cheetah" tests="4" time="39.393476" timestamp="2019-01-30T16:58:56.727666">
		<testcase classname="IPGM_002" name="查看IP分组_633798" priority="M" time="5.828574">
			<failure message="step-1|CHECK|通用-查找DIV元素名称#Automation testing: Message: 
" type="Fail"/>
		</testcase>
		<testcase classname="IPGM_003" name="编辑IP分组_633800" priority="M" time="3.9e-05">
			<blocked message="Main or pre Sub testcase is not pass" type="Blocked"/>
		</testcase>
		<testcase classname="IPGM_004" name="删除IP分组_634101" priority="M" time="1.2e-05">
			<blocked message="Main or pre Sub testcase is not pass" type="Blocked"/>
		</testcase>
		<testcase classname="PM_001" name="添加位置_634095" priority="M" time="29.376968"/>
	</testsuite>
</testsuites>
