<?xml version="1.0" ?>
<testsuites>
	<testsuite errors="0" errors_detail="H:0 M:0 L:0" failures="1" failures_detail="H:0 M:1 L:0" hostname="cheetah" name="Cheetah" tests="4" time="38.998821" timestamp="2019-01-30T13:04:27.721012">
		<testcase classname="IPGM_001" name="添加IP分组" priority="M" time="28.57295"/>
		<testcase classname="IPGM_002" name="查看IP分组" priority="M" time="0.287862"/>
		<testcase classname="IPGM_003" name="编辑IP分组" priority="M" time="4.584488"/>
		<testcase classname="IPGM_004" name="删除IP分组" priority="M" time="1.963215">
			<failure message="step-3|CLICK|IP分组管理页面-删除ICON: type object 'By' has no attribute ''" type="Fail"/>
		</testcase>
	</testsuite>
</testsuites>
