<?xml version="1.0" ?>
<testsuites>
	<testsuite errors="0" errors_detail="H:0 M:0 L:0" failures="2" failures_detail="H:0 M:2 L:0" hostname="cheetah" name="Cheetah" tests="4" time="40.939587" timestamp="2019-01-30T16:47:26.189724">
		<testcase classname="IPGM_002" name="查看IP分组_633798" priority="M" time="5.818163">
			<failure message="step-1|CHECK|通用-查找DIV元素名称#Automation testing: Message: 
" type="Fail"/>
		</testcase>
		<testcase classname="IPGM_003" name="编辑IP分组_633800" priority="M" time="1.2e-05">
			<blocked message="Main or pre Sub testcase is not pass" type="Blocked"/>
		</testcase>
		<testcase classname="IPGM_004" name="删除IP分组_634101" priority="M" time="6e-06">
			<blocked message="Main or pre Sub testcase is not pass" type="Blocked"/>
		</testcase>
		<testcase classname="PM_001" name="添加位置_634095" priority="M" time="31.382361">
			<failure message="step-6|CLICK|位置管理页面-添加位置下拉列表#北京: Message: 
" type="Fail"/>
		</testcase>
	</testsuite>
</testsuites>
