<?xml version="1.0" ?>
<testsuites>
	<testsuite errors="0" errors_detail="H:0 M:0 L:0" failures="1" failures_detail="H:0 M:1 L:0" hostname="cheetah" name="Cheetah" tests="4" time="42.927892" timestamp="2019-01-30T12:36:18.604239">
		<testcase classname="IPGM_001" name="添加IP分组" priority="M" time="29.007432"/>
		<testcase classname="IPGM_002" name="查看IP分组" priority="M" time="0.289892"/>
		<testcase classname="IPGM_003" name="编辑IP分组" priority="M" time="4.588757"/>
		<testcase classname="IPGM_004" name="删除IP分组" priority="M" time="6.599104">
			<failure message="step-2|CLICK|IP分组管理页面-删除ICON: Message: 
" type="Fail"/>
		</testcase>
	</testsuite>
</testsuites>
