<?xml version="1.0" ?>
<testsuites>
	<testsuite errors="0" errors_detail="H:0 M:0 L:0" failures="0" failures_detail="H:0 M:0 L:0" hostname="cheetah" name="Cheetah" tests="4" time="40.578446" timestamp="2019-01-30T14:01:20.678942">
		<testcase classname="IPGM_001" name="添加IP分组" priority="M" time="28.312221"/>
		<testcase classname="IPGM_002" name="查看IP分组" priority="M" time="0.296684"/>
		<testcase classname="IPGM_003" name="编辑IP分组" priority="M" time="4.602828"/>
		<testcase classname="IPGM_004" name="删除IP分组" priority="M" time="3.570272"/>
	</testsuite>
</testsuites>
