<?xml version="1.0" ?>
<testsuites>
	<testsuite errors="0" errors_detail="H:0 M:0 L:0" failures="1" failures_detail="H:0 M:1 L:0" hostname="cheetah" name="Cheetah" tests="1" time="23.129438" timestamp="2019-01-29T17:34:21.536671">
		<testcase classname="IPGM_001" name="IP分组管理 - 添加IP分组" priority="M" time="20.616966">
			<failure message="step-6|CLICK|主页-添加IP分组: Message: unknown error: Element &lt;button type=&quot;button&quot; class=&quot;ant-btn business-add-button popover-flag ant-btn-icon-only&quot; style=&quot;margin-left: 6px;&quot;&gt;...&lt;/button&gt; is not clickable at point (411, 86). Other element would receive the click: &lt;div class=&quot;ant-spin ant-spin-spinning&quot;&gt;...&lt;/div&gt;
  (Session info: chrome=71.0.3578.98)
  (Driver info: chromedriver=2.45.615355 (d5698f682d8b2742017df6c81e0bd8e6a3063189),platform=Mac OS X 10.14.1 x86_64)
" type="Fail"/>
		</testcase>
	</testsuite>
</testsuites>
