<?xml version="1.0" ?>
<testsuites>
	<testsuite errors="0" errors_detail="H:0 M:0 L:0" failures="2" failures_detail="H:0 M:2 L:0" hostname="cheetah" name="Cheetah" tests="2" time="27.602201" timestamp="2019-01-29T18:48:23.886468">
		<testcase classname="IPGM_001" name="添加IP分组" priority="M" time="17.782497">
			<failure message="step-2|CHECK|系统管理员: string indices must be integers" type="Fail"/>
		</testcase>
		<testcase classname="IPGM_002" name="查看IP分组" priority="M" time="7.111589">
			<failure message="step-1|CHECK|IP分组管理页面-新添加IP分组: Message: 
" type="Fail"/>
		</testcase>
	</testsuite>
</testsuites>
