<?xml version="1.0" ?>
<testsuites>
	<testsuite errors="0" errors_detail="H:0 M:0 L:0" failures="1" failures_detail="H:0 M:1 L:0" hostname="cheetah" name="Cheetah" tests="2" time="40.062286" timestamp="2019-01-29T18:53:14.684542">
		<testcase classname="IPGM_001" name="添加IP分组" priority="M" time="29.490238"/>
		<testcase classname="IPGM_002" name="查看IP分组" priority="M" time="7.788109">
			<failure message="step-1|CHECK|IP分组管理页面-新添加IP分组: Message: 
" type="Fail"/>
		</testcase>
	</testsuite>
</testsuites>
