<?xml version="1.0" ?>
<testsuites>
	<testsuite errors="0" errors_detail="H:0 M:0 L:0" failures="2" failures_detail="H:0 M:2 L:0" hostname="cheetah" name="Cheetah" tests="4" time="35.800447" timestamp="2019-01-30T16:30:06.012788">
		<testcase classname="IPGM_002" name="查看IP分组_633798" priority="M" time="5.809784">
			<failure message="step-1|CHECK|通用-查找DIV元素名称#Automation testing: Message: 
" type="Fail"/>
		</testcase>
		<testcase classname="IPGM_003" name="编辑IP分组_633800" priority="M" time="3.3e-05">
			<blocked message="Main or pre Sub testcase is not pass" type="Blocked"/>
		</testcase>
		<testcase classname="IPGM_004" name="删除IP分组_634101" priority="M" time="1e-05">
			<blocked message="Main or pre Sub testcase is not pass" type="Blocked"/>
		</testcase>
		<testcase classname="PM_001" name="添加位置_634095" priority="M" time="26.203348">
			<failure message="step-6|CLICK|通用-查找SPAN元素名称#北京: Message: unknown error: Element &lt;span class=&quot;ant-tree-title&quot;&gt;...&lt;/span&gt; is not clickable at point (133, 185). Other element would receive the click: &lt;div tabindex=&quot;-1&quot; class=&quot;ant-modal-wrap l-m-address-modal&quot; role=&quot;dialog&quot; aria-labelledby=&quot;rcDialogTitle0&quot;&gt;...&lt;/div&gt;
  (Session info: chrome=72.0.3626.81)
  (Driver info: chromedriver=2.45.615355 (d5698f682d8b2742017df6c81e0bd8e6a3063189),platform=Mac OS X 10.14.1 x86_64)
" type="Fail"/>
		</testcase>
	</testsuite>
</testsuites>
