<?xml version="1.0" ?>
<testsuites>
	<testsuite errors="0" errors_detail="H:0 M:0 L:0" failures="1" failures_detail="H:0 M:1 L:0" hostname="relax" name="Relax" tests="2" time="21.460763" timestamp="2019-01-17T14:41:56.228530">
		<testcase classname="LOGIN_001" name="打开Relax正确登录" priority="M" time="8.219516"/>
		<testcase classname="LOGIN_002" name="打开Relax密码为空" priority="M" time="10.587236">
			<failure message="step-2|CHECK|登录页面-主页错误提示: Message: 
" type="Fail"/>
		</testcase>
	</testsuite>
</testsuites>
