<?xml version="1.0" ?>
<testsuites>
	<testsuite errors="0" errors_detail="H:0 M:0 L:0" failures="2" failures_detail="H:0 M:2 L:0" hostname="relax" name="Relax" tests="2" time="19.773448" timestamp="2019-01-17T14:26:01.084803">
		<testcase classname="LOGIN_001" name="打开Relax正确登录" priority="M" time="12.403206">
			<failure message="step-2|CHECK|Relax主页-工作台Tab: Message: 
" type="Fail"/>
		</testcase>
		<testcase classname="LOGIN_002" name="打开Relax密码为空" priority="M" time="4.721527">
			<failure message="step-2|CHECK|登录页面-主页错误提示: " type="Fail"/>
		</testcase>
	</testsuite>
</testsuites>
